<?xml version="1.0" encoding="UTF-8"?>
<!-- Generated by org.testng.reporters.JUnitXMLReporter -->
<testsuite ignored="0" hostname="DESKTOP-LLLGMOJ" failures="0" tests="6" name="PetTests" time="17.976" errors="0" timestamp="2023-11-11T21:44:30 IST">
  <testcase classname="api.testcase.UserTestWithExcel" name="testPostUser" time="6.352"/>
  <testcase classname="api.testcase.UserTestWithExcel" name="testPostUser" time="1.303"/>
  <testcase classname="api.testcase.UserTestWithExcel" name="testPostUser" time="1.297"/>
  <testcase classname="api.testcase.UserTestWithExcel" name="testDeleteUser" time="2.677"/>
  <testcase classname="api.testcase.UserTestWithExcel" name="testDeleteUser" time="1.288"/>
  <testcase classname="api.testcase.UserTestWithExcel" name="testDeleteUser" time="1.284"/>
</testsuite> <!-- PetTests -->
