<?xml version="1.0" encoding="UTF-8"?>
<testng-results skipped="0" failed="0" ignored="5" total="6" passed="1">
  <reporter-output>
  </reporter-output>
  <suite name="Default suite" duration-ms="4023" started-at="2023-11-10T21:34:33 IST" finished-at="2023-11-10T21:34:37 IST">
    <groups>
    </groups>
    <test name="Default test" duration-ms="4023" started-at="2023-11-10T21:34:33 IST" finished-at="2023-11-10T21:34:37 IST">
      <class name="restassuredOps.Example1">
        <test-method status="PASS" signature="deleteOps()[pri:0, instance:restassuredOps.Example1@64d2d351]" name="deleteOps" duration-ms="3958" started-at="2023-11-10T21:34:33 IST" finished-at="2023-11-10T21:34:37 IST">
          <reporter-output>
          </reporter-output>
        </test-method> <!-- deleteOps -->
      </class> <!-- restassuredOps.Example1 -->
    </test> <!-- Default test -->
  </suite> <!-- Default suite -->
</testng-results>
