<?xml version="1.0" encoding="UTF-8"?>
<testng-results ignored="0" total="1" passed="1" failed="0" skipped="0">
  <reporter-output>
  </reporter-output>
  <suite started-at="2023-11-08T22:09:00 IST" name="Default suite" finished-at="2023-11-08T22:09:01 IST" duration-ms="134">
    <groups>
    </groups>
    <test started-at="2023-11-08T22:09:00 IST" name="Default test" finished-at="2023-11-08T22:09:01 IST" duration-ms="134">
      <class name="jsonexamples.ReadJsonFile">
        <test-method signature="testCase()[pri:0, instance:jsonexamples.ReadJsonFile@6580cfdd]" started-at="2023-11-08T22:09:01 IST" name="testCase" finished-at="2023-11-08T22:09:01 IST" duration-ms="26" status="PASS">
          <reporter-output>
          </reporter-output>
        </test-method> <!-- testCase -->
      </class> <!-- jsonexamples.ReadJsonFile -->
    </test> <!-- Default test -->
  </suite> <!-- Default suite -->
</testng-results>
