<?xml version="1.0" encoding="UTF-8"?>
<!-- Generated by org.testng.reporters.JUnitXMLReporter -->
<testsuite ignored="3" hostname="DESKTOP-LLLGMOJ" failures="0" tests="1" name="Default test" time="4.561" errors="0" timestamp="2023-11-09T22:09:39 IST">
  <testcase classname="restassuredOps.Operations" name="testGetOps" time="4.458"/>
  <testcase classname="restassuredOps.Operations" name="testGetMethod3" time="0.0">
    <ignored/>
  </testcase> <!-- testGetMethod3 -->
  <testcase classname="restassuredOps.Operations" name="testGetMethod" time="0.0">
    <ignored/>
  </testcase> <!-- testGetMethod -->
  <testcase classname="restassuredOps.Operations" name="testGetMethod2" time="0.0">
    <ignored/>
  </testcase> <!-- testGetMethod2 -->
</testsuite> <!-- Default test -->
