<?xml version="1.0" encoding="UTF-8"?>
<!-- Generated by org.testng.reporters.JUnitXMLReporter -->
<testsuite hostname="DESKTOP-LLLGMOJ" ignored="5" name="Default test" tests="1" failures="0" timestamp="2023-11-10T21:34:37 IST" time="4.023" errors="0">
  <testcase name="deleteOps" time="3.958" classname="restassuredOps.Example1"/>
  <testcase name="putOps" time="0.0" classname="restassuredOps.Example1">
    <ignored/>
  </testcase> <!-- putOps -->
  <testcase name="testCaseForPost3" time="0.0" classname="restassuredOps.Example1">
    <ignored/>
  </testcase> <!-- testCaseForPost3 -->
  <testcase name="testCaseForPost1" time="0.0" classname="restassuredOps.Example1">
    <ignored/>
  </testcase> <!-- testCaseForPost1 -->
  <testcase name="testCaseForPost2" time="0.0" classname="restassuredOps.Example1">
    <ignored/>
  </testcase> <!-- testCaseForPost2 -->
  <testcase name="testCaseForGet" time="0.0" classname="restassuredOps.Example1">
    <ignored/>
  </testcase> <!-- testCaseForGet -->
</testsuite> <!-- Default test -->
