<?xml version="1.0" encoding="UTF-8"?>
<!-- Generated by org.testng.reporters.JUnitXMLReporter -->
<testsuite ignored="0" hostname="DESKTOP-LLLGMOJ" failures="0" tests="6" name="Default test" time="14.465" errors="0" timestamp="2023-11-11T21:41:53 IST">
  <testcase classname="api.testcase.UserTestWithExcel" name="testPostUser" time="5.125"/>
  <testcase classname="api.testcase.UserTestWithExcel" name="testPostUser" time="1.415"/>
  <testcase classname="api.testcase.UserTestWithExcel" name="testPostUser" time="1.346"/>
  <testcase classname="api.testcase.UserTestWithExcel" name="testDeleteUser" time="1.349"/>
  <testcase classname="api.testcase.UserTestWithExcel" name="testDeleteUser" time="1.259"/>
  <testcase classname="api.testcase.UserTestWithExcel" name="testDeleteUser" time="1.322"/>
</testsuite> <!-- Default test -->
